#
# There is insufficient memory for the Java Runtime Environment to continue.
# Native memory allocation (malloc) failed to allocate 65552 bytes for Chunk::new
# Possible reasons:
#   The system is out of physical RAM or swap space
#   In 32 bit mode, the process size limit was hit
# Possible solutions:
#   Reduce memory load on the system
#   Increase physical memory or swap space
#   Check if swap backing store is full
#   Use 64 bit Java on a 64 bit OS
#   Decrease Java heap size (-Xmx/-Xms)
#   Decrease number of Java threads
#   Decrease Java thread stack sizes (-Xss)
#   Set larger code cache with -XX:ReservedCodeCacheSize=
# This output file may be truncated or incomplete.
#
#  Out of Memory Error (allocation.cpp:390), pid=4532, tid=0x00000000000013d8
#
# JRE version: Java(TM) SE Runtime Environment (8.0_92-b14) (build 1.8.0_92-b14)
# Java VM: Java HotSpot(TM) 64-Bit Server VM (25.92-b14 mixed mode windows-amd64 compressed oops)
# Failed to write core dump. Minidumps are not enabled by default on client versions of Windows
#

---------------  T H R E A D  ---------------

Current thread (0x0000000014af8800):  JavaThread "C2 CompilerThread1" daemon [_thread_in_native, id=5080, stack(0x00000000161d0000,0x00000000162d0000)]

Stack: [0x00000000161d0000,0x00000000162d0000]
[error occurred during error reporting (printing stack bounds), id 0xc0000005]

Native frames: (J=compiled Java code, j=interpreted, Vv=VM code, C=native code)


Current CompileTask:
C2:   2774  675       4       com.android.dx.ssa.NormalSsaInsn::accept (25 bytes)


---------------  P R O C E S S  ---------------

Java Threads: ( => current thread )
  0x000000001665b800 JavaThread "pool-1-thread-4" [_thread_blocked, id=5388, stack(0x0000000016dd0000,0x0000000016ed0000)]
  0x000000001665b000 JavaThread "pool-1-thread-3" [_thread_in_Java, id=5956, stack(0x0000000016cd0000,0x0000000016dd0000)]
  0x0000000016659800 JavaThread "pool-1-thread-2" [_thread_in_Java, id=7516, stack(0x0000000016bd0000,0x0000000016cd0000)]
  0x0000000016656800 JavaThread "pool-2-thread-1" [_thread_blocked, id=8132, stack(0x0000000016ad0000,0x0000000016bd0000)]
  0x0000000016655800 JavaThread "pool-1-thread-1" [_thread_in_Java, id=8784, stack(0x00000000169d0000,0x0000000016ad0000)]
  0x00000000163d4800 JavaThread "Service Thread" daemon [_thread_blocked, id=8592, stack(0x00000000167d0000,0x00000000168d0000)]
  0x0000000014afd800 JavaThread "C1 CompilerThread2" daemon [_thread_in_native, id=4456, stack(0x00000000162d0000,0x00000000163d0000)]
=>0x0000000014af8800 JavaThread "C2 CompilerThread1" daemon [_thread_in_native, id=5080, stack(0x00000000161d0000,0x00000000162d0000)]
  0x0000000014a9c000 JavaThread "C2 CompilerThread0" daemon [_thread_blocked, id=8260, stack(0x00000000160d0000,0x00000000161d0000)]
  0x0000000014a9a000 JavaThread "Attach Listener" daemon [_thread_blocked, id=7760, stack(0x0000000015fd0000,0x00000000160d0000)]
  0x0000000014a98800 JavaThread "Signal Dispatcher" daemon [_thread_blocked, id=2464, stack(0x0000000015ed0000,0x0000000015fd0000)]
  0x0000000014a8a800 JavaThread "Finalizer" daemon [_thread_blocked, id=4632, stack(0x0000000015cf0000,0x0000000015df0000)]
  0x00000000023bf000 JavaThread "Reference Handler" daemon [_thread_blocked, id=4884, stack(0x0000000015bf0000,0x0000000015cf0000)]
  0x00000000022d0800 JavaThread "main" [_thread_in_Java, id=8004, stack(0x00000000020d0000,0x00000000021d0000)]

Other Threads:
  0x0000000014a68000 VMThread [stack: 0x0000000015af0000,0x0000000015bf0000] [id=3820]
  0x00000000163da800 WatcherThread [stack: 0x00000000168d0000,0x00000000169d0000] [id=7724]

VM state:not at safepoint (normal execution)

VM Mutex/Monitor currently owned by a thread: None

Heap:
 PSYoungGen      total 18944K, used 13736K [0x00000000eab00000, 0x00000000ec000000, 0x0000000100000000)
  eden space 16384K, 83% used [0x00000000eab00000,0x00000000eb86a3c0,0x00000000ebb00000)
  from space 2560K, 0% used [0x00000000ebd80000,0x00000000ebd80000,0x00000000ec000000)
  to   space 2560K, 0% used [0x00000000ebb00000,0x00000000ebb00000,0x00000000ebd80000)
 ParOldGen       total 44032K, used 0K [0x00000000c0000000, 0x00000000c2b00000, 0x00000000eab00000)
  object space 44032K, 0% used [0x00000000c0000000,0x00000000c0000000,0x00000000c2b00000)
 Metaspace       used 5689K, capacity 6640K, committed 6784K, reserved 1056768K
  class space    used 595K, capacity 616K, committed 640K, reserved 1048576K

Card table byte_map: [0x0000000011790000,0x00000000119a0000] byte_map_base: 0x0000000011190000

Marking Bits: (ParMarkBitMap*) 0x0000000051e564f0
 Begin Bits: [0x0000000011f00000, 0x0000000012f00000)
 End Bits:   [0x0000000012f00000, 0x0000000013f00000)

Polling page: 0x0000000000530000

CodeCache: size=245760Kb used=2824Kb max_used=2824Kb free=242935Kb
 bounds [0x00000000023d0000, 0x00000000026a0000, 0x00000000113d0000]
 total_blobs=968 nmethods=696 adapters=182
 compilation: enabled

Compilation events (10 events):
Event: 2.760 Thread 0x0000000014afd800 nmethod 701 0x0000000002679b90 code [0x0000000002679d00, 0x0000000002679f28]
Event: 2.760 Thread 0x0000000014afd800  667       3       com.android.dx.ssa.RegisterMapper::<init> (5 bytes)
Event: 2.760 Thread 0x0000000014afd800 nmethod 667 0x0000000002685150 code [0x00000000026852a0, 0x0000000002685450]
Event: 2.760 Thread 0x0000000014afd800  705       3       com.android.dx.cf.code.LineNumberList::pcToLine (73 bytes)
Event: 2.761 Thread 0x0000000014afd800 nmethod 705 0x0000000002685510 code [0x00000000026856a0, 0x0000000002685d68]
Event: 2.761 Thread 0x0000000014afd800  707       3       com.android.dx.cf.code.RopperMachine::getSources (264 bytes)
Event: 2.767 Thread 0x0000000014afd800 nmethod 707 0x0000000002685fd0 code [0x00000000026865e0, 0x000000000268af78]
Event: 2.767 Thread 0x0000000014afd800  709       3       com.android.dx.ssa.SsaBasicBlock::newFromRop (183 bytes)
Event: 2.770 Thread 0x0000000014a9c000 nmethod 614 0x000000000268e590 code [0x000000000268e6e0, 0x000000000268e818]
Event: 2.770 Thread 0x0000000014a9c000  686       4       com.android.dx.rop.code.InsnList::get (9 bytes)

GC Heap History (0 events):
No events

Deoptimization events (0 events):
No events

Internal exceptions (2 events):
Event: 0.243 Thread 0x00000000022d0800 Exception <a 'java/lang/NoSuchMethodError': Method sun.misc.Unsafe.defineClass(Ljava/lang/String;[BII)Ljava/lang/Class; name or signature does not match> (0x00000000eab07cc0) thrown at [D:\re\workspace\8-2-build-windows-amd64-cygwin\jdk8u92\6642\hotspot\sr¿ŽÈc.Ï?
Event: 0.243 Thread 0x00000000022d0800 Exception <a 'java/lang/NoSuchMethodError': Method sun.misc.Unsafe.prefetchRead(Ljava/lang/Object;J)V name or signature does not match> (0x00000000eab07fa8) thrown at [D:\re\workspace\8-2-build-windows-amd64-cygwin\jdk8u92\6642\hotspot\src\share\vm\prims\j

Events (10 events):
Event: 2.462 loading class com/android/dx/dex/file/MethodIdItem
Event: 2.462 loading class com/android/dx/dex/file/MethodIdItem done
Event: 2.472 loading class com/android/dx/dex/file/MethodAnnotationStruct
Event: 2.472 loading class com/android/dx/dex/file/MethodAnnotationStruct done
Event: 2.477 loading class com/android/dx/ssa/PhiInsn$Operand
Event: 2.477 loading class com/android/dx/ssa/PhiInsn$Operand done
Event: 2.480 loading class com/android/dx/ssa/back/FirstFitLocalCombiningAllocator$Multiset
Event: 2.480 loading class com/android/dx/ssa/back/FirstFitLocalCombiningAllocator$Multiset done
Event: 2.688 loading class java/util/DualPivotQuicksort
Event: 2.689 loading class java/util/DualPivotQuicksort done


Dynamic libraries:
0x00007ff72e510000 - 0x00007ff72e547000 	C:\Program Files\Java\jdk1.8.0_92\bin\java.exe
0x00007ffa3dfe0000 - 0x00007ffa3e1a1000 	C:\WINDOWS\SYSTEM32\ntdll.dll
0x00007ffa3cd70000 - 0x00007ffa3ce1d000 	C:\WINDOWS\system32\KERNEL32.DLL
0x00007ffa3a750000 - 0x00007ffa3a938000 	C:\WINDOWS\system32\KERNELBASE.dll
0x00007ffa3cc40000 - 0x00007ffa3cce7000 	C:\WINDOWS\system32\ADVAPI32.dll
0x00007ffa3d2b0000 - 0x00007ffa3d34d000 	C:\WINDOWS\system32\msvcrt.dll
0x00007ffa3de30000 - 0x00007ffa3de8b000 	C:\WINDOWS\system32\sechost.dll
0x00007ffa3d0f0000 - 0x00007ffa3d20c000 	C:\WINDOWS\system32\RPCRT4.dll
0x00007ffa3d710000 - 0x00007ffa3d866000 	C:\WINDOWS\system32\USER32.dll
0x00007ffa3dca0000 - 0x00007ffa3de26000 	C:\WINDOWS\system32\GDI32.dll
0x00007ffa2baa0000 - 0x00007ffa2bd14000 	C:\WINDOWS\WinSxS\amd64_microsoft.windows.common-controls_6595b64144ccf1df_6.0.10586.589_none_a2ddb3caa539acce\COMCTL32.dll
0x00007ffa3d360000 - 0x00007ffa3d5dd000 	C:\WINDOWS\system32\combase.dll
0x00007ffa3a9f0000 - 0x00007ffa3aa5a000 	C:\WINDOWS\system32\bcryptPrimitives.dll
0x00007ffa3d210000 - 0x00007ffa3d24b000 	C:\WINDOWS\system32\IMM32.DLL
0x0000000051ee0000 - 0x0000000051fb2000 	C:\Program Files\Java\jdk1.8.0_92\jre\bin\msvcr100.dll
0x0000000051640000 - 0x0000000051ed6000 	C:\Program Files\Java\jdk1.8.0_92\jre\bin\server\jvm.dll
0x00007ffa3d350000 - 0x00007ffa3d358000 	C:\WINDOWS\system32\PSAPI.DLL
0x00007ffa1f900000 - 0x00007ffa1f909000 	C:\WINDOWS\SYSTEM32\WSOCK32.dll
0x00007ffa3cfd0000 - 0x00007ffa3d03b000 	C:\WINDOWS\system32\WS2_32.dll
0x00007ffa38540000 - 0x00007ffa38563000 	C:\WINDOWS\SYSTEM32\WINMM.dll
0x00007ffa30350000 - 0x00007ffa3035a000 	C:\WINDOWS\SYSTEM32\VERSION.dll
0x00007ffa38510000 - 0x00007ffa3853c000 	C:\WINDOWS\SYSTEM32\WINMMBASE.dll
0x00007ffa3acc0000 - 0x00007ffa3ad03000 	C:\WINDOWS\system32\cfgmgr32.dll
0x0000000051630000 - 0x000000005163f000 	C:\Program Files\Java\jdk1.8.0_92\jre\bin\verify.dll
0x0000000051600000 - 0x0000000051629000 	C:\Program Files\Java\jdk1.8.0_92\jre\bin\java.dll
0x00000000515e0000 - 0x00000000515f6000 	C:\Program Files\Java\jdk1.8.0_92\jre\bin\zip.dll
0x00007ffa3b4f0000 - 0x00007ffa3ca4c000 	C:\WINDOWS\system32\SHELL32.dll
0x00007ffa3ad10000 - 0x00007ffa3b355000 	C:\WINDOWS\system32\windows.storage.dll
0x00007ffa3d5e0000 - 0x00007ffa3d632000 	C:\WINDOWS\system32\shlwapi.dll
0x00007ffa3a620000 - 0x00007ffa3a62f000 	C:\WINDOWS\system32\kernel.appcore.dll
0x00007ffa3a690000 - 0x00007ffa3a745000 	C:\WINDOWS\system32\shcore.dll
0x00007ffa3a640000 - 0x00007ffa3a68b000 	C:\WINDOWS\system32\powrprof.dll
0x00007ffa3a600000 - 0x00007ffa3a614000 	C:\WINDOWS\system32\profapi.dll

VM Arguments:
jvm_args: -Djava.awt.headless=true -Xmx1024M -Dfile.encoding=windows-1252 -Duser.country=AU -Duser.language=en -Duser.variant 
java_command: com.android.dx.command.Main --dex --num-threads=4 --output C:\Users\kathy\Desktop\GoogleSheetsAPIv2\app\build\intermediates\pre-dexed\debug\gdata-youtube-2.0_ab2b9cbed9404b4b5f832de97e6d7beada82bd56.jar C:\Users\kathy\Desktop\GoogleSheetsAPIv2\app\libs\gdata-youtube-2.0.jar
java_class_path (initial): C:\Users\kathy\AppData\Local\Android\sdk\build-tools\24.0.2\lib\dx.jar
Launcher Type: SUN_STANDARD

Environment Variables:
JAVA_HOME=C:\Program Files\Java\jdk1.8.0_92
PATH=C:\ProgramData\Oracle\Java\javapath;C:\WINDOWS\system32;C:\WINDOWS;C:\WINDOWS\System32\Wbem;C:\WINDOWS\System32\WindowsPowerShell\v1.0\;C:\Program Files (x86)\Skype\Phone\;C:\Program Files\Git\cmd
USERNAME=kathy
OS=Windows_NT
PROCESSOR_IDENTIFIER=Intel64 Family 6 Model 69 Stepping 1, GenuineIntel



---------------  S Y S T E M  ---------------

OS: Windows 10.0 , 64 bit Build 10586 (10.0.10586.589)

CPU:total 4 (2 cores per cpu, 2 threads per core) family 6 model 69 stepping 1, cmov, cx8, fxsr, mmx, sse, sse2, sse3, ssse3, sse4.1, sse4.2, popcnt, avx, avx2, aes, clmul, erms, lzcnt, ht, tsc, tscinvbit, bmi1, bmi2

Memory: 4k page, physical 4097096k(108108k free), swap 8380424k(2320k free)

vm_info: Java HotSpot(TM) 64-Bit Server VM (25.92-b14) for windows-amd64 JRE (1.8.0_92-b14), built on Mar 31 2016 21:03:04 by "java_re" with MS VC++ 10.0 (VS2010)

time: Thu Oct 13 18:02:55 2016
elapsed time: 2 seconds (0d 0h 0m 2s)

