#
# There is insufficient memory for the Java Runtime Environment to continue.
# Native memory allocation (malloc) failed to allocate 270496 bytes for Chunk::new
# Possible reasons:
#   The system is out of physical RAM or swap space
#   In 32 bit mode, the process size limit was hit
# Possible solutions:
#   Reduce memory load on the system
#   Increase physical memory or swap space
#   Check if swap backing store is full
#   Use 64 bit Java on a 64 bit OS
#   Decrease Java heap size (-Xmx/-Xms)
#   Decrease number of Java threads
#   Decrease Java thread stack sizes (-Xss)
#   Set larger code cache with -XX:ReservedCodeCacheSize=
# This output file may be truncated or incomplete.
#
#  Out of Memory Error (allocation.cpp:390), pid=6072, tid=0x0000000000002044
#
# JRE version: Java(TM) SE Runtime Environment (8.0_92-b14) (build 1.8.0_92-b14)
# Java VM: Java HotSpot(TM) 64-Bit Server VM (25.92-b14 mixed mode windows-amd64 compressed oops)
# Failed to write core dump. Minidumps are not enabled by default on client versions of Windows
#

---------------  T H R E A D  ---------------

Current thread (0x0000000014f0f000):  JavaThread "C2 CompilerThread1" daemon [_thread_in_native, id=8260, stack(0x0000000016660000,0x0000000016760000)]

Stack: [0x0000000016660000,0x0000000016760000]
[error occurred during error reporting (printing stack bounds), id 0xc0000005]

Native frames: (J=compiled Java code, j=interpreted, Vv=VM code, C=native code)


Current CompileTask:
C2:   4679  999       4       com.android.dx.ssa.SCCP::simulatePhi (169 bytes)


---------------  P R O C E S S  ---------------

Java Threads: ( => current thread )
  0x0000000016a96000 JavaThread "pool-1-thread-4" [_thread_blocked, id=8592, stack(0x0000000017260000,0x0000000017360000)]
  0x00000000169d1000 JavaThread "pool-1-thread-3" [_thread_blocked, id=8280, stack(0x0000000017160000,0x0000000017260000)]
  0x000000001699e800 JavaThread "pool-1-thread-2" [_thread_in_Java, id=3160, stack(0x0000000017060000,0x0000000017160000)]
  0x000000001699c000 JavaThread "pool-2-thread-1" [_thread_blocked, id=4164, stack(0x0000000016f60000,0x0000000017060000)]
  0x0000000016998800 JavaThread "pool-1-thread-1" [_thread_in_Java, id=8776, stack(0x0000000016e60000,0x0000000016f60000)]
  0x0000000014f6c800 JavaThread "Service Thread" daemon [_thread_blocked, id=7216, stack(0x0000000016c60000,0x0000000016d60000)]
  0x0000000014f6a000 JavaThread "C1 CompilerThread2" daemon [_thread_blocked, id=5080, stack(0x0000000016760000,0x0000000016860000)]
=>0x0000000014f0f000 JavaThread "C2 CompilerThread1" daemon [_thread_in_native, id=8260, stack(0x0000000016660000,0x0000000016760000)]
  0x0000000014f0c000 JavaThread "C2 CompilerThread0" daemon [_thread_in_native, id=7760, stack(0x0000000016560000,0x0000000016660000)]
  0x0000000014f0a000 JavaThread "Attach Listener" daemon [_thread_blocked, id=2464, stack(0x0000000016460000,0x0000000016560000)]
  0x0000000014f08800 JavaThread "Signal Dispatcher" daemon [_thread_blocked, id=3208, stack(0x0000000016360000,0x0000000016460000)]
  0x0000000014efa800 JavaThread "Finalizer" daemon [_thread_blocked, id=2496, stack(0x0000000016180000,0x0000000016280000)]
  0x000000000282f000 JavaThread "Reference Handler" daemon [_thread_blocked, id=6288, stack(0x0000000016080000,0x0000000016180000)]
  0x0000000002740800 JavaThread "main" [_thread_in_Java, id=6856, stack(0x00000000024b0000,0x00000000025b0000)]

Other Threads:
  0x0000000014ed8000 VMThread [stack: 0x0000000015f80000,0x0000000016080000] [id=4632]
  0x0000000016867000 WatcherThread [stack: 0x0000000016d60000,0x0000000016e60000] [id=4456]

VM state:not at safepoint (normal execution)

VM Mutex/Monitor currently owned by a thread: None

Heap:
 PSYoungGen      total 18944K, used 4408K [0x00000000eab00000, 0x00000000ec000000, 0x0000000100000000)
  eden space 16384K, 11% used [0x00000000eab00000,0x00000000eacd02c8,0x00000000ebb00000)
  from space 2560K, 99% used [0x00000000ebb00000,0x00000000ebd7dd80,0x00000000ebd80000)
  to   space 2560K, 0% used [0x00000000ebd80000,0x00000000ebd80000,0x00000000ec000000)
 ParOldGen       total 44032K, used 2525K [0x00000000c0000000, 0x00000000c2b00000, 0x00000000eab00000)
  object space 44032K, 5% used [0x00000000c0000000,0x00000000c02776a0,0x00000000c2b00000)
 Metaspace       used 5691K, capacity 6768K, committed 7040K, reserved 1056768K
  class space    used 579K, capacity 616K, committed 640K, reserved 1048576K

Card table byte_map: [0x0000000011c00000,0x0000000011e10000] byte_map_base: 0x0000000011600000

Marking Bits: (ParMarkBitMap*) 0x0000000051e564f0
 Begin Bits: [0x0000000012370000, 0x0000000013370000)
 End Bits:   [0x0000000013370000, 0x0000000014370000)

Polling page: 0x0000000000a80000

CodeCache: size=245760Kb used=4097Kb max_used=4103Kb free=241662Kb
 bounds [0x0000000002840000, 0x0000000002c50000, 0x0000000011840000]
 total_blobs=1278 nmethods=1017 adapters=174
 compilation: enabled

Compilation events (10 events):
Event: 4.668 Thread 0x0000000014f6a000 nmethod 1014 0x0000000002c36c10 code [0x0000000002c36de0, 0x0000000002c375a8]
Event: 4.668 Thread 0x0000000014f6a000 1017       1       com.android.dx.ssa.PhiInsn::getOriginalRopInsn (2 bytes)
Event: 4.669 Thread 0x0000000014f6a000 nmethod 1017 0x0000000002c23b50 code [0x0000000002c23ca0, 0x0000000002c23db0]
Event: 4.671 Thread 0x0000000014f6a000 1018   !   3       com.android.dx.rop.type.Prototype::intern (233 bytes)
Event: 4.675 Thread 0x0000000014f6a000 nmethod 1018 0x0000000002c40650 code [0x0000000002c40a20, 0x0000000002c429f8]
Event: 4.675 Thread 0x0000000014f6a000 1020       3       com.android.dx.util.MutabilityControl::<init> (10 bytes)
Event: 4.675 Thread 0x0000000014f6a000 nmethod 1020 0x0000000002c32a10 code [0x0000000002c32b60, 0x0000000002c32d10]
Event: 4.676 Thread 0x0000000014f0c000 nmethod 1015 0x0000000002c36690 code [0x0000000002c367e0, 0x0000000002c36a58]
Event: 4.676 Thread 0x0000000014f0c000 1007       4       com.android.dx.ssa.DeadCodeRemover::hasSideEffect (11 bytes)
Event: 4.676 Thread 0x0000000014f6a000 1021       1       com.android.dx.cf.attrib.InnerClassList$Item::getOuterClass (5 bytes)

GC Heap History (2 events):
Event: 4.472 GC heap before
{Heap before GC invocations=1 (full 0):
 PSYoungGen      total 18944K, used 16384K [0x00000000eab00000, 0x00000000ec000000, 0x0000000100000000)
  eden space 16384K, 100% used [0x00000000eab00000,0x00000000ebb00000,0x00000000ebb00000)
  from space 2560K, 0% used [0x00000000ebd80000,0x00000000ebd80000,0x00000000ec000000)
  to   space 2560K, 0% used [0x00000000ebb00000,0x00000000ebb00000,0x00000000ebd80000)
 ParOldGen       total 44032K, used 0K [0x00000000c0000000, 0x00000000c2b00000, 0x00000000eab00000)
  object space 44032K, 0% used [0x00000000c0000000,0x00000000c0000000,0x00000000c2b00000)
 Metaspace       used 5663K, capacity 6768K, committed 7040K, reserved 1056768K
  class space    used 579K, capacity 616K, committed 640K, reserved 1048576K
Event: 4.605 GC heap after
Heap after GC invocations=1 (full 0):
 PSYoungGen      total 18944K, used 2551K [0x00000000eab00000, 0x00000000ec000000, 0x0000000100000000)
  eden space 16384K, 0% used [0x00000000eab00000,0x00000000eab00000,0x00000000ebb00000)
  from space 2560K, 99% used [0x00000000ebb00000,0x00000000ebd7dd80,0x00000000ebd80000)
  to   space 2560K, 0% used [0x00000000ebd80000,0x00000000ebd80000,0x00000000ec000000)
 ParOldGen       total 44032K, used 2525K [0x00000000c0000000, 0x00000000c2b00000, 0x00000000eab00000)
  object space 44032K, 5% used [0x00000000c0000000,0x00000000c02776a0,0x00000000c2b00000)
 Metaspace       used 5663K, capacity 6768K, committed 7040K, reserved 1056768K
  class space    used 579K, capacity 616K, committed 640K, reserved 1048576K
}

Deoptimization events (10 events):
Event: 4.237 Thread 0x0000000016998800 Uncommon trap: reason=class_check action=maybe_recompile pc=0x0000000002b881c8 method=com.android.dx.ssa.SsaBasicBlock.forEachInsn(Lcom/android/dx/ssa/SsaInsn$Visitor;)V @ 23
Event: 4.238 Thread 0x0000000016998800 Uncommon trap: reason=class_check action=maybe_recompile pc=0x0000000002b881c8 method=com.android.dx.ssa.SsaBasicBlock.forEachInsn(Lcom/android/dx/ssa/SsaInsn$Visitor;)V @ 23
Event: 4.238 Thread 0x0000000016998800 Uncommon trap: reason=class_check action=maybe_recompile pc=0x0000000002b881c8 method=com.android.dx.ssa.SsaBasicBlock.forEachInsn(Lcom/android/dx/ssa/SsaInsn$Visitor;)V @ 23
Event: 4.260 Thread 0x0000000002740800 Uncommon trap: reason=unstable_if action=reinterpret pc=0x0000000002ad79a8 method=java.lang.String.<init>([CII)V @ 18
Event: 4.303 Thread 0x000000001699e800 Uncommon trap: reason=class_check action=maybe_recompile pc=0x0000000002be9fa8 method=com.android.dx.rop.type.Type.equals(Ljava/lang/Object;)Z @ 8
Event: 4.304 Thread 0x000000001699e800 Uncommon trap: reason=null_check action=make_not_entrant pc=0x0000000002be9fb8 method=com.android.dx.rop.type.Type.equals(Ljava/lang/Object;)Z @ 8
Event: 4.637 Thread 0x000000001699e800 Uncommon trap: reason=class_check action=maybe_recompile pc=0x0000000002bdfcdc method=com.android.dx.ssa.NormalSsaInsn.accept(Lcom/android/dx/ssa/SsaInsn$Visitor;)V @ 9
Event: 4.638 Thread 0x000000001699e800 Uncommon trap: reason=class_check action=maybe_recompile pc=0x0000000002bdfcdc method=com.android.dx.ssa.NormalSsaInsn.accept(Lcom/android/dx/ssa/SsaInsn$Visitor;)V @ 9
Event: 4.643 Thread 0x000000001699e800 Uncommon trap: reason=class_check action=maybe_recompile pc=0x0000000002bdfcdc method=com.android.dx.ssa.NormalSsaInsn.accept(Lcom/android/dx/ssa/SsaInsn$Visitor;)V @ 9
Event: 4.655 Thread 0x000000001699e800 Uncommon trap: reason=class_check action=maybe_recompile pc=0x0000000002bdfcdc method=com.android.dx.ssa.NormalSsaInsn.accept(Lcom/android/dx/ssa/SsaInsn$Visitor;)V @ 9

Internal exceptions (3 events):
Event: 1.600 Thread 0x0000000002740800 Exception <a 'java/lang/NoSuchMethodError': Method sun.misc.Unsafe.defineClass(Ljava/lang/String;[BII)Ljava/lang/Class; name or signature does not match> (0x00000000eab07cc0) thrown at [D:\re\workspace\8-2-build-windows-amd64-cygwin\jdk8u92\6642\hotspot\sr‚óí‚˜ù?
Event: 1.600 Thread 0x0000000002740800 Exception <a 'java/lang/NoSuchMethodError': Method sun.misc.Unsafe.prefetchRead(Ljava/lang/Object;J)V name or signature does not match> (0x00000000eab07fa8) thrown at [D:\re\workspace\8-2-build-windows-amd64-cygwin\jdk8u92\6642\hotspot\src\share\vm\prims\j½iÀ¿Ç6@
Event: 4.303 Thread 0x000000001699e800 Implicit null exception at 0x0000000002be9ea2 to 0x0000000002be9fa9

Events (10 events):
Event: 4.637 Thread 0x000000001699e800 DEOPT UNPACKING pc=0x000000000288582a sp=0x000000001715ef40 mode 2
Event: 4.638 Thread 0x000000001699e800 Uncommon trap: trap_request=0xffffffde fr.pc=0x0000000002bdfcdc
Event: 4.638 Thread 0x000000001699e800 DEOPT PACKING pc=0x0000000002bdfcdc sp=0x000000001715ed20
Event: 4.638 Thread 0x000000001699e800 DEOPT UNPACKING pc=0x000000000288582a sp=0x000000001715ec60 mode 2
Event: 4.643 Thread 0x000000001699e800 Uncommon trap: trap_request=0xffffffde fr.pc=0x0000000002bdfcdc
Event: 4.643 Thread 0x000000001699e800 DEOPT PACKING pc=0x0000000002bdfcdc sp=0x000000001715ec60
Event: 4.643 Thread 0x000000001699e800 DEOPT UNPACKING pc=0x000000000288582a sp=0x000000001715eba0 mode 2
Event: 4.655 Thread 0x000000001699e800 Uncommon trap: trap_request=0xffffffde fr.pc=0x0000000002bdfcdc
Event: 4.655 Thread 0x000000001699e800 DEOPT PACKING pc=0x0000000002bdfcdc sp=0x000000001715efd0
Event: 4.655 Thread 0x000000001699e800 DEOPT UNPACKING pc=0x000000000288582a sp=0x000000001715ef10 mode 2


Dynamic libraries:
0x00007ff72e510000 - 0x00007ff72e547000 	C:\Program Files\Java\jdk1.8.0_92\bin\java.exe
0x00007ffa3dfe0000 - 0x00007ffa3e1a1000 	C:\WINDOWS\SYSTEM32\ntdll.dll
0x00007ffa3cd70000 - 0x00007ffa3ce1d000 	C:\WINDOWS\system32\KERNEL32.DLL
0x00007ffa3a750000 - 0x00007ffa3a938000 	C:\WINDOWS\system32\KERNELBASE.dll
0x00007ffa3cc40000 - 0x00007ffa3cce7000 	C:\WINDOWS\system32\ADVAPI32.dll
0x00007ffa3d2b0000 - 0x00007ffa3d34d000 	C:\WINDOWS\system32\msvcrt.dll
0x00007ffa3de30000 - 0x00007ffa3de8b000 	C:\WINDOWS\system32\sechost.dll
0x00007ffa3d0f0000 - 0x00007ffa3d20c000 	C:\WINDOWS\system32\RPCRT4.dll
0x00007ffa3d710000 - 0x00007ffa3d866000 	C:\WINDOWS\system32\USER32.dll
0x00007ffa3dca0000 - 0x00007ffa3de26000 	C:\WINDOWS\system32\GDI32.dll
0x00007ffa2baa0000 - 0x00007ffa2bd14000 	C:\WINDOWS\WinSxS\amd64_microsoft.windows.common-controls_6595b64144ccf1df_6.0.10586.589_none_a2ddb3caa539acce\COMCTL32.dll
0x00007ffa3d360000 - 0x00007ffa3d5dd000 	C:\WINDOWS\system32\combase.dll
0x00007ffa3a9f0000 - 0x00007ffa3aa5a000 	C:\WINDOWS\system32\bcryptPrimitives.dll
0x00007ffa3d210000 - 0x00007ffa3d24b000 	C:\WINDOWS\system32\IMM32.DLL
0x0000000051ee0000 - 0x0000000051fb2000 	C:\Program Files\Java\jdk1.8.0_92\jre\bin\msvcr100.dll
0x0000000051640000 - 0x0000000051ed6000 	C:\Program Files\Java\jdk1.8.0_92\jre\bin\server\jvm.dll
0x00007ffa3d350000 - 0x00007ffa3d358000 	C:\WINDOWS\system32\PSAPI.DLL
0x00007ffa1f900000 - 0x00007ffa1f909000 	C:\WINDOWS\SYSTEM32\WSOCK32.dll
0x00007ffa3cfd0000 - 0x00007ffa3d03b000 	C:\WINDOWS\system32\WS2_32.dll
0x00007ffa38540000 - 0x00007ffa38563000 	C:\WINDOWS\SYSTEM32\WINMM.dll
0x00007ffa30350000 - 0x00007ffa3035a000 	C:\WINDOWS\SYSTEM32\VERSION.dll
0x00007ffa38510000 - 0x00007ffa3853c000 	C:\WINDOWS\SYSTEM32\WINMMBASE.dll
0x00007ffa3acc0000 - 0x00007ffa3ad03000 	C:\WINDOWS\system32\cfgmgr32.dll
0x0000000051630000 - 0x000000005163f000 	C:\Program Files\Java\jdk1.8.0_92\jre\bin\verify.dll
0x0000000051600000 - 0x0000000051629000 	C:\Program Files\Java\jdk1.8.0_92\jre\bin\java.dll
0x00000000515e0000 - 0x00000000515f6000 	C:\Program Files\Java\jdk1.8.0_92\jre\bin\zip.dll
0x00007ffa3b4f0000 - 0x00007ffa3ca4c000 	C:\WINDOWS\system32\SHELL32.dll
0x00007ffa3ad10000 - 0x00007ffa3b355000 	C:\WINDOWS\system32\windows.storage.dll
0x00007ffa3d5e0000 - 0x00007ffa3d632000 	C:\WINDOWS\system32\shlwapi.dll
0x00007ffa3a620000 - 0x00007ffa3a62f000 	C:\WINDOWS\system32\kernel.appcore.dll
0x00007ffa3a690000 - 0x00007ffa3a745000 	C:\WINDOWS\system32\shcore.dll
0x00007ffa3a640000 - 0x00007ffa3a68b000 	C:\WINDOWS\system32\powrprof.dll
0x00007ffa3a600000 - 0x00007ffa3a614000 	C:\WINDOWS\system32\profapi.dll

VM Arguments:
jvm_args: -Djava.awt.headless=true -Xmx1024M -Dfile.encoding=windows-1252 -Duser.country=AU -Duser.language=en -Duser.variant 
java_command: com.android.dx.command.Main --dex --num-threads=4 --output C:\Users\kathy\Desktop\GoogleSheetsAPIv2\app\build\intermediates\pre-dexed\debug\debug_83b1f16d73c0c07b45fd757c76e930f74c833610.jar C:\Users\kathy\Desktop\GoogleSheetsAPIv2\app\build\intermediates\classes\debug
java_class_path (initial): C:\Users\kathy\AppData\Local\Android\sdk\build-tools\24.0.2\lib\dx.jar
Launcher Type: SUN_STANDARD

Environment Variables:
JAVA_HOME=C:\Program Files\Java\jdk1.8.0_92
PATH=C:\ProgramData\Oracle\Java\javapath;C:\WINDOWS\system32;C:\WINDOWS;C:\WINDOWS\System32\Wbem;C:\WINDOWS\System32\WindowsPowerShell\v1.0\;C:\Program Files (x86)\Skype\Phone\;C:\Program Files\Git\cmd
USERNAME=kathy
OS=Windows_NT
PROCESSOR_IDENTIFIER=Intel64 Family 6 Model 69 Stepping 1, GenuineIntel



---------------  S Y S T E M  ---------------

OS: Windows 10.0 , 64 bit Build 10586 (10.0.10586.589)

CPU:total 4 (2 cores per cpu, 2 threads per core) family 6 model 69 stepping 1, cmov, cx8, fxsr, mmx, sse, sse2, sse3, ssse3, sse4.1, sse4.2, popcnt, avx, avx2, aes, clmul, erms, lzcnt, ht, tsc, tscinvbit, bmi1, bmi2

Memory: 4k page, physical 4097096k(177340k free), swap 8380424k(5076k free)

vm_info: Java HotSpot(TM) 64-Bit Server VM (25.92-b14) for windows-amd64 JRE (1.8.0_92-b14), built on Mar 31 2016 21:03:04 by "java_re" with MS VC++ 10.0 (VS2010)

time: Thu Oct 13 18:02:29 2016
elapsed time: 4 seconds (0d 0h 0m 4s)

