#
# There is insufficient memory for the Java Runtime Environment to continue.
# Native memory allocation (malloc) failed to allocate 65552 bytes for Chunk::new
# Possible reasons:
#   The system is out of physical RAM or swap space
#   In 32 bit mode, the process size limit was hit
# Possible solutions:
#   Reduce memory load on the system
#   Increase physical memory or swap space
#   Check if swap backing store is full
#   Use 64 bit Java on a 64 bit OS
#   Decrease Java heap size (-Xmx/-Xms)
#   Decrease number of Java threads
#   Decrease Java thread stack sizes (-Xss)
#   Set larger code cache with -XX:ReservedCodeCacheSize=
# This output file may be truncated or incomplete.
#
#  Out of Memory Error (allocation.cpp:390), pid=5148, tid=0x0000000000002394
#
# JRE version: Java(TM) SE Runtime Environment (8.0_92-b14) (build 1.8.0_92-b14)
# Java VM: Java HotSpot(TM) 64-Bit Server VM (25.92-b14 mixed mode windows-amd64 compressed oops)
# Failed to write core dump. Minidumps are not enabled by default on client versions of Windows
#

---------------  T H R E A D  ---------------

Current thread (0x00000000157ef000):  JavaThread "C2 CompilerThread1" daemon [_thread_in_native, id=9108, stack(0x0000000016f30000,0x0000000017030000)]

Stack: [0x0000000016f30000,0x0000000017030000]
[error occurred during error reporting (printing stack bounds), id 0xc0000005]

Native frames: (J=compiled Java code, j=interpreted, Vv=VM code, C=native code)


Current CompileTask:
C2:  21282 1037       4       com.android.dx.dex.code.OutputFinisher::addConstants (93 bytes)


---------------  P R O C E S S  ---------------

Java Threads: ( => current thread )
  0x000000001703c800 JavaThread "Service Thread" daemon [_thread_blocked, id=208, stack(0x0000000017530000,0x0000000017630000)]
  0x0000000017038800 JavaThread "C1 CompilerThread2" daemon [_thread_blocked, id=9188, stack(0x0000000017430000,0x0000000017530000)]
=>0x00000000157ef000 JavaThread "C2 CompilerThread1" daemon [_thread_in_native, id=9108, stack(0x0000000016f30000,0x0000000017030000)]
  0x00000000157ec000 JavaThread "C2 CompilerThread0" daemon [_thread_blocked, id=6544, stack(0x0000000016e30000,0x0000000016f30000)]
  0x00000000157ea000 JavaThread "Attach Listener" daemon [_thread_blocked, id=7840, stack(0x0000000016d30000,0x0000000016e30000)]
  0x00000000157e8800 JavaThread "Signal Dispatcher" daemon [_thread_blocked, id=8800, stack(0x0000000016c30000,0x0000000016d30000)]
  0x00000000157da800 JavaThread "Finalizer" daemon [_thread_blocked, id=6712, stack(0x0000000016a50000,0x0000000016b50000)]
  0x000000000310f000 JavaThread "Reference Handler" daemon [_thread_blocked, id=2456, stack(0x0000000016950000,0x0000000016a50000)]
  0x0000000003020800 JavaThread "main" [_thread_in_Java, id=6944, stack(0x0000000002d20000,0x0000000002e20000)]

Other Threads:
  0x00000000157b8000 VMThread [stack: 0x0000000016850000,0x0000000016950000] [id=7664]
  0x0000000017051800 WatcherThread [stack: 0x0000000017630000,0x0000000017730000] [id=6808]

VM state:not at safepoint (normal execution)

VM Mutex/Monitor currently owned by a thread: None

Heap:
 PSYoungGen      total 18944K, used 3421K [0x00000000eab00000, 0x00000000ed000000, 0x0000000100000000)
  eden space 16384K, 5% used [0x00000000eab00000,0x00000000eabdb570,0x00000000ebb00000)
  from space 2560K, 99% used [0x00000000ebb00000,0x00000000ebd7c028,0x00000000ebd80000)
  to   space 2560K, 0% used [0x00000000ecd80000,0x00000000ecd80000,0x00000000ed000000)
 ParOldGen       total 44032K, used 1470K [0x00000000c0000000, 0x00000000c2b00000, 0x00000000eab00000)
  object space 44032K, 3% used [0x00000000c0000000,0x00000000c016fa98,0x00000000c2b00000)
 Metaspace       used 6068K, capacity 6966K, committed 7040K, reserved 1056768K
  class space    used 613K, capacity 622K, committed 640K, reserved 1048576K

Card table byte_map: [0x00000000124e0000,0x00000000126f0000] byte_map_base: 0x0000000011ee0000

Marking Bits: (ParMarkBitMap*) 0x0000000051e564f0
 Begin Bits: [0x0000000012c50000, 0x0000000013c50000)
 End Bits:   [0x0000000013c50000, 0x0000000014c50000)

Polling page: 0x00000000013a0000

CodeCache: size=245760Kb used=4378Kb max_used=4378Kb free=241381Kb
 bounds [0x0000000003120000, 0x0000000003570000, 0x0000000012120000]
 total_blobs=1410 nmethods=1140 adapters=183
 compilation: enabled

Compilation events (10 events):
Event: 21.190 Thread 0x0000000017038800 1137       3       java.util.Arrays::sort (47 bytes)
Event: 21.191 Thread 0x0000000017038800 nmethod 1137 0x0000000003568390 code [0x0000000003568540, 0x0000000003568998]
Event: 21.191 Thread 0x0000000017038800 1138       1       com.android.dx.dex.code.PositionList$Entry::getPosition (5 bytes)
Event: 21.191 Thread 0x0000000017038800 nmethod 1138 0x0000000003568bd0 code [0x0000000003568d20, 0x0000000003568e30]
Event: 21.191 Thread 0x0000000017038800 1139       1       com.android.dx.util.ByteArrayAnnotatedOutput::getCursor (5 bytes)
Event: 21.192 Thread 0x0000000017038800 nmethod 1139 0x0000000003568e90 code [0x0000000003568fe0, 0x00000000035690f0]
Event: 21.192 Thread 0x0000000017038800 1140       3       com.android.dx.dex.code.LocalList$Entry::getRegister (8 bytes)
Event: 21.192 Thread 0x0000000017038800 nmethod 1140 0x0000000003569150 code [0x00000000035692a0, 0x0000000003569490]
Event: 21.192 Thread 0x0000000017038800 1141       1       com.android.dx.dex.code.LocalList$Entry::getAddress (5 bytes)
Event: 21.192 Thread 0x0000000017038800 nmethod 1141 0x0000000003569550 code [0x00000000035696a0, 0x00000000035697b0]

GC Heap History (2 events):
Event: 20.426 GC heap before
{Heap before GC invocations=1 (full 0):
 PSYoungGen      total 18944K, used 16384K [0x00000000eab00000, 0x00000000ec000000, 0x0000000100000000)
  eden space 16384K, 100% used [0x00000000eab00000,0x00000000ebb00000,0x00000000ebb00000)
  from space 2560K, 0% used [0x00000000ebd80000,0x00000000ebd80000,0x00000000ec000000)
  to   space 2560K, 0% used [0x00000000ebb00000,0x00000000ebb00000,0x00000000ebd80000)
 ParOldGen       total 44032K, used 0K [0x00000000c0000000, 0x00000000c2b00000, 0x00000000eab00000)
  object space 44032K, 0% used [0x00000000c0000000,0x00000000c0000000,0x00000000c2b00000)
 Metaspace       used 5901K, capacity 6838K, committed 7040K, reserved 1056768K
  class space    used 602K, capacity 622K, committed 640K, reserved 1048576K
Event: 20.840 GC heap after
Heap after GC invocations=1 (full 0):
 PSYoungGen      total 18944K, used 2544K [0x00000000eab00000, 0x00000000ed000000, 0x0000000100000000)
  eden space 16384K, 0% used [0x00000000eab00000,0x00000000eab00000,0x00000000ebb00000)
  from space 2560K, 99% used [0x00000000ebb00000,0x00000000ebd7c028,0x00000000ebd80000)
  to   space 2560K, 0% used [0x00000000ecd80000,0x00000000ecd80000,0x00000000ed000000)
 ParOldGen       total 44032K, used 1470K [0x00000000c0000000, 0x00000000c2b00000, 0x00000000eab00000)
  object space 44032K, 3% used [0x00000000c0000000,0x00000000c016fa98,0x00000000c2b00000)
 Metaspace       used 5901K, capacity 6838K, committed 7040K, reserved 1056768K
  class space    used 602K, capacity 622K, committed 640K, reserved 1048576K
}

Deoptimization events (9 events):
Event: 18.181 Thread 0x00000000171ad800 Uncommon trap: reason=unstable_if action=reinterpret pc=0x00000000033191e4 method=java.util.HashMap.getNode(ILjava/lang/Object;)Ljava/util/HashMap$Node; @ 129
Event: 19.076 Thread 0x0000000003020800 Uncommon trap: reason=unstable_if action=reinterpret pc=0x0000000003399390 method=java.lang.String.<init>([CII)V @ 18
Event: 19.230 Thread 0x00000000171a9800 Uncommon trap: reason=class_check action=maybe_recompile pc=0x000000000335c470 method=com.android.dx.ssa.NormalSsaInsn.accept(Lcom/android/dx/ssa/SsaInsn$Visitor;)V @ 9
Event: 19.230 Thread 0x00000000171a9800 Uncommon trap: reason=class_check action=maybe_recompile pc=0x000000000335c470 method=com.android.dx.ssa.NormalSsaInsn.accept(Lcom/android/dx/ssa/SsaInsn$Visitor;)V @ 9
Event: 19.260 Thread 0x0000000003020800 Uncommon trap: reason=class_check action=maybe_recompile pc=0x000000000335c470 method=com.android.dx.ssa.NormalSsaInsn.accept(Lcom/android/dx/ssa/SsaInsn$Visitor;)V @ 9
Event: 19.260 Thread 0x0000000003020800 Uncommon trap: reason=class_check action=maybe_recompile pc=0x000000000335c470 method=com.android.dx.ssa.NormalSsaInsn.accept(Lcom/android/dx/ssa/SsaInsn$Visitor;)V @ 9
Event: 19.342 Thread 0x0000000003020800 Uncommon trap: reason=unstable_if action=reinterpret pc=0x000000000335df28 method=java.lang.String.<init>([CII)V @ 18
Event: 20.262 Thread 0x0000000017282000 Uncommon trap: reason=null_check action=make_not_entrant pc=0x0000000003470c2c method=com.android.dx.ssa.SsaRenamer.getLocalForNewReg(I)Lcom/android/dx/rop/code/LocalItem; @ 19
Event: 20.870 Thread 0x0000000003020800 Uncommon trap: reason=bimorphic action=maybe_recompile pc=0x00000000033a53e4 method=java.util.HashMap.getNode(ILjava/lang/Object;)Ljava/util/HashMap$Node; @ 126

Internal exceptions (3 events):
Event: 6.141 Thread 0x0000000003020800 Exception <a 'java/lang/NoSuchMethodError': Method sun.misc.Unsafe.defineClass(Ljava/lang/String;[BII)Ljava/lang/Class; name or signature does not match> (0x00000000eab07cc0) thrown at [D:\re\workspace\8-2-build-windows-amd64-cygwin\jdk8u92\6642\hotspot\srL´¶∏Xê@
Event: 6.141 Thread 0x0000000003020800 Exception <a 'java/lang/NoSuchMethodError': Method sun.misc.Unsafe.prefetchRead(Ljava/lang/Object;J)V name or signature does not match> (0x00000000eab07fa8) thrown at [D:\re\workspace\8-2-build-windows-amd64-cygwin\jdk8u92\6642\hotspot\src\share\vm\prims\j1:˛B4@
Event: 20.262 Thread 0x0000000017282000 Implicit null exception at 0x000000000346eded to 0x0000000003470c09

Events (10 events):
Event: 20.914 loading class com/android/dx/dex/code/LocalList$Entry
Event: 20.914 loading class com/android/dx/dex/code/LocalList$Entry done
Event: 21.182 loading class com/android/dx/dex/file/DebugInfoEncoder
Event: 21.182 loading class com/android/dx/dex/file/DebugInfoEncoder done
Event: 21.184 loading class com/android/dx/util/ByteArrayAnnotatedOutput
Event: 21.184 loading class com/android/dx/util/ByteArrayAnnotatedOutput done
Event: 21.186 loading class com/android/dx/dex/file/DebugInfoEncoder$1
Event: 21.186 loading class com/android/dx/dex/file/DebugInfoEncoder$1 done
Event: 21.187 loading class com/android/dx/dex/file/DebugInfoEncoder$2
Event: 21.187 loading class com/android/dx/dex/file/DebugInfoEncoder$2 done


Dynamic libraries:
0x00007ff72e510000 - 0x00007ff72e547000 	C:\Program Files\Java\jdk1.8.0_92\bin\java.exe
0x00007ffa3dfe0000 - 0x00007ffa3e1a1000 	C:\WINDOWS\SYSTEM32\ntdll.dll
0x00007ffa3cd70000 - 0x00007ffa3ce1d000 	C:\WINDOWS\system32\KERNEL32.DLL
0x00007ffa3a750000 - 0x00007ffa3a938000 	C:\WINDOWS\system32\KERNELBASE.dll
0x00007ffa3cc40000 - 0x00007ffa3cce7000 	C:\WINDOWS\system32\ADVAPI32.dll
0x00007ffa3d2b0000 - 0x00007ffa3d34d000 	C:\WINDOWS\system32\msvcrt.dll
0x00007ffa3de30000 - 0x00007ffa3de8b000 	C:\WINDOWS\system32\sechost.dll
0x00007ffa3d0f0000 - 0x00007ffa3d20c000 	C:\WINDOWS\system32\RPCRT4.dll
0x00007ffa3d710000 - 0x00007ffa3d866000 	C:\WINDOWS\system32\USER32.dll
0x00007ffa3dca0000 - 0x00007ffa3de26000 	C:\WINDOWS\system32\GDI32.dll
0x00007ffa2baa0000 - 0x00007ffa2bd14000 	C:\WINDOWS\WinSxS\amd64_microsoft.windows.common-controls_6595b64144ccf1df_6.0.10586.589_none_a2ddb3caa539acce\COMCTL32.dll
0x00007ffa3d360000 - 0x00007ffa3d5dd000 	C:\WINDOWS\system32\combase.dll
0x00007ffa3a9f0000 - 0x00007ffa3aa5a000 	C:\WINDOWS\system32\bcryptPrimitives.dll
0x00007ffa3d210000 - 0x00007ffa3d24b000 	C:\WINDOWS\system32\IMM32.DLL
0x0000000051ee0000 - 0x0000000051fb2000 	C:\Program Files\Java\jdk1.8.0_92\jre\bin\msvcr100.dll
0x0000000051640000 - 0x0000000051ed6000 	C:\Program Files\Java\jdk1.8.0_92\jre\bin\server\jvm.dll
0x00007ffa3d350000 - 0x00007ffa3d358000 	C:\WINDOWS\system32\PSAPI.DLL
0x00007ffa1f900000 - 0x00007ffa1f909000 	C:\WINDOWS\SYSTEM32\WSOCK32.dll
0x00007ffa3cfd0000 - 0x00007ffa3d03b000 	C:\WINDOWS\system32\WS2_32.dll
0x00007ffa38540000 - 0x00007ffa38563000 	C:\WINDOWS\SYSTEM32\WINMM.dll
0x00007ffa30350000 - 0x00007ffa3035a000 	C:\WINDOWS\SYSTEM32\VERSION.dll
0x00007ffa38510000 - 0x00007ffa3853c000 	C:\WINDOWS\SYSTEM32\WINMMBASE.dll
0x00007ffa3acc0000 - 0x00007ffa3ad03000 	C:\WINDOWS\system32\cfgmgr32.dll
0x0000000051630000 - 0x000000005163f000 	C:\Program Files\Java\jdk1.8.0_92\jre\bin\verify.dll
0x0000000051600000 - 0x0000000051629000 	C:\Program Files\Java\jdk1.8.0_92\jre\bin\java.dll
0x00000000515e0000 - 0x00000000515f6000 	C:\Program Files\Java\jdk1.8.0_92\jre\bin\zip.dll
0x00007ffa3b4f0000 - 0x00007ffa3ca4c000 	C:\WINDOWS\system32\SHELL32.dll
0x00007ffa3ad10000 - 0x00007ffa3b355000 	C:\WINDOWS\system32\windows.storage.dll
0x00007ffa3d5e0000 - 0x00007ffa3d632000 	C:\WINDOWS\system32\shlwapi.dll
0x00007ffa3a620000 - 0x00007ffa3a62f000 	C:\WINDOWS\system32\kernel.appcore.dll
0x00007ffa3a690000 - 0x00007ffa3a745000 	C:\WINDOWS\system32\shcore.dll
0x00007ffa3a640000 - 0x00007ffa3a68b000 	C:\WINDOWS\system32\powrprof.dll
0x00007ffa3a600000 - 0x00007ffa3a614000 	C:\WINDOWS\system32\profapi.dll

VM Arguments:
jvm_args: -Djava.awt.headless=true -Xmx1024M -Dfile.encoding=windows-1252 -Duser.country=AU -Duser.language=en -Duser.variant 
java_command: com.android.dx.command.Main --dex --num-threads=4 --output C:\Users\kathy\Desktop\GoogleSheetsAPIv2\app\build\intermediates\pre-dexed\debug\gdata-sidewiki-2.0_bf3403b826de9667c29d285d6455cf478c175ff4.jar C:\Users\kathy\Desktop\GoogleSheetsAPIv2\app\libs\gdata-sidewiki-2.0.jar
java_class_path (initial): C:\Users\kathy\AppData\Local\Android\sdk\build-tools\24.0.2\lib\dx.jar
Launcher Type: SUN_STANDARD

Environment Variables:
JAVA_HOME=C:\Program Files\Java\jdk1.8.0_92
PATH=C:\ProgramData\Oracle\Java\javapath;C:\WINDOWS\system32;C:\WINDOWS;C:\WINDOWS\System32\Wbem;C:\WINDOWS\System32\WindowsPowerShell\v1.0\;C:\Program Files (x86)\Skype\Phone\;C:\Program Files\Git\cmd
USERNAME=kathy
OS=Windows_NT
PROCESSOR_IDENTIFIER=Intel64 Family 6 Model 69 Stepping 1, GenuineIntel



---------------  S Y S T E M  ---------------

OS: Windows 10.0 , 64 bit Build 10586 (10.0.10586.589)

CPU:total 4 (2 cores per cpu, 2 threads per core) family 6 model 69 stepping 1, cmov, cx8, fxsr, mmx, sse, sse2, sse3, ssse3, sse4.1, sse4.2, popcnt, avx, avx2, aes, clmul, erms, lzcnt, ht, tsc, tscinvbit, bmi1, bmi2

Memory: 4k page, physical 4097096k(101336k free), swap 8380424k(5228k free)

vm_info: Java HotSpot(TM) 64-Bit Server VM (25.92-b14) for windows-amd64 JRE (1.8.0_92-b14), built on Mar 31 2016 21:03:04 by "java_re" with MS VC++ 10.0 (VS2010)

time: Thu Oct 13 18:03:23 2016
elapsed time: 21 seconds (0d 0h 0m 21s)

