#
# There is insufficient memory for the Java Runtime Environment to continue.
# Native memory allocation (malloc) failed to allocate 32744 bytes for ChunkPool::allocate
# Possible reasons:
#   The system is out of physical RAM or swap space
#   In 32 bit mode, the process size limit was hit
# Possible solutions:
#   Reduce memory load on the system
#   Increase physical memory or swap space
#   Check if swap backing store is full
#   Use 64 bit Java on a 64 bit OS
#   Decrease Java heap size (-Xmx/-Xms)
#   Decrease number of Java threads
#   Decrease Java thread stack sizes (-Xss)
#   Set larger code cache with -XX:ReservedCodeCacheSize=
# This output file may be truncated or incomplete.
#
#  Out of Memory Error (allocation.cpp:273), pid=3748, tid=0x0000000000002248
#
# JRE version: Java(TM) SE Runtime Environment (8.0_92-b14) (build 1.8.0_92-b14)
# Java VM: Java HotSpot(TM) 64-Bit Server VM (25.92-b14 mixed mode windows-amd64 compressed oops)
# Failed to write core dump. Minidumps are not enabled by default on client versions of Windows
#

---------------  T H R E A D  ---------------

Current thread (0x0000000002c80800):  JavaThread "main" [_thread_in_vm, id=8776, stack(0x0000000002a30000,0x0000000002b30000)]

Stack: [0x0000000002a30000,0x0000000002b30000]
[error occurred during error reporting (printing stack bounds), id 0xc0000005]

Native frames: (J=compiled Java code, j=interpreted, Vv=VM code, C=native code)

Java frames: (J=compiled Java code, j=interpreted, Vv=VM code)
j  java.lang.ClassLoader.findLoadedClass0(Ljava/lang/String;)Ljava/lang/Class;+0
j  java.lang.ClassLoader.findLoadedClass(Ljava/lang/String;)Ljava/lang/Class;+12
j  java.lang.ClassLoader.loadClass(Ljava/lang/String;Z)Ljava/lang/Class;+10
j  sun.misc.Launcher$AppClassLoader.loadClass(Ljava/lang/String;Z)Ljava/lang/Class;+81
j  java.lang.ClassLoader.loadClass(Ljava/lang/String;)Ljava/lang/Class;+3
v  ~StubRoutines::call_stub
j  com.android.dx.command.dexer.Main.createDexFile()V+0
j  com.android.dx.command.dexer.Main.processAllFiles()Z+0
j  com.android.dx.command.dexer.Main.runMonoDex()I+58
j  com.android.dx.command.dexer.Main.run(Lcom/android/dx/command/dexer/Main$Arguments;)I+76
j  com.android.dx.command.dexer.Main.main([Ljava/lang/String;)V+14
j  com.android.dx.command.Main.main([Ljava/lang/String;)V+61
v  ~StubRoutines::call_stub

---------------  P R O C E S S  ---------------

Java Threads: ( => current thread )
  0x0000000016da4800 JavaThread "Service Thread" daemon [_thread_blocked, id=8152, stack(0x00000000171a0000,0x00000000172a0000)]
  0x00000000154ad000 JavaThread "C1 CompilerThread2" daemon [_thread_blocked, id=5100, stack(0x0000000016ca0000,0x0000000016da0000)]
  0x00000000154a8800 JavaThread "C2 CompilerThread1" daemon [_thread_blocked, id=4564, stack(0x0000000016ba0000,0x0000000016ca0000)]
  0x000000001544c000 JavaThread "C2 CompilerThread0" daemon [_thread_blocked, id=4672, stack(0x0000000016aa0000,0x0000000016ba0000)]
  0x000000001544a000 JavaThread "Attach Listener" daemon [_thread_blocked, id=3352, stack(0x00000000169a0000,0x0000000016aa0000)]
  0x0000000015448800 JavaThread "Signal Dispatcher" daemon [_thread_blocked, id=9156, stack(0x00000000168a0000,0x00000000169a0000)]
  0x000000001543a800 JavaThread "Finalizer" daemon [_thread_blocked, id=1308, stack(0x00000000166c0000,0x00000000167c0000)]
  0x0000000002d6f000 JavaThread "Reference Handler" daemon [_thread_blocked, id=2572, stack(0x00000000165c0000,0x00000000166c0000)]
=>0x0000000002c80800 JavaThread "main" [_thread_in_vm, id=8776, stack(0x0000000002a30000,0x0000000002b30000)]

Other Threads:
  0x0000000015418000 VMThread [stack: 0x00000000164c0000,0x00000000165c0000] [id=8464]
  0x0000000016dc1800 WatcherThread [stack: 0x00000000172a0000,0x00000000173a0000] [id=5444]

VM state:not at safepoint (normal execution)

VM Mutex/Monitor currently owned by a thread: None

Heap:
 PSYoungGen      total 18944K, used 1342K [0x00000000eab00000, 0x00000000ec000000, 0x0000000100000000)
  eden space 16384K, 8% used [0x00000000eab00000,0x00000000eac4fb68,0x00000000ebb00000)
  from space 2560K, 0% used [0x00000000ebd80000,0x00000000ebd80000,0x00000000ec000000)
  to   space 2560K, 0% used [0x00000000ebb00000,0x00000000ebb00000,0x00000000ebd80000)
 ParOldGen       total 44032K, used 0K [0x00000000c0000000, 0x00000000c2b00000, 0x00000000eab00000)
  object space 44032K, 0% used [0x00000000c0000000,0x00000000c0000000,0x00000000c2b00000)
 Metaspace       used 2947K, capacity 4656K, committed 4864K, reserved 1056768K
  class space    used 321K, capacity 424K, committed 512K, reserved 1048576K

Card table byte_map: [0x0000000012140000,0x0000000012350000] byte_map_base: 0x0000000011b40000

Marking Bits: (ParMarkBitMap*) 0x0000000051e564f0
 Begin Bits: [0x00000000128b0000, 0x00000000138b0000)
 End Bits:   [0x00000000138b0000, 0x00000000148b0000)

Polling page: 0x00000000029d0000

CodeCache: size=245760Kb used=1148Kb max_used=1148Kb free=244611Kb
 bounds [0x0000000002d80000, 0x0000000002ff0000, 0x0000000011d80000]
 total_blobs=284 nmethods=49 adapters=148
 compilation: enabled

Compilation events (10 events):
Event: 2.326 Thread 0x00000000154ad000 nmethod 39 0x0000000002e97890 code [0x0000000002e97a20, 0x0000000002e97dc8]
Event: 2.326 Thread 0x00000000154ad000   40       1       java.lang.String::length (6 bytes)
Event: 2.326 Thread 0x00000000154ad000 nmethod 40 0x0000000002e97f50 code [0x0000000002e980a0, 0x0000000002e981b0]
Event: 2.331 Thread 0x00000000154ad000   41       3       java.util.concurrent.ConcurrentHashMap::setTabAt (19 bytes)
Event: 2.331 Thread 0x00000000154ad000 nmethod 41 0x0000000002e98610 code [0x0000000002e98760, 0x0000000002e988d0]
Event: 2.333 Thread 0x00000000154ad000   43       1       java.net.URL::getHost (5 bytes)
Event: 2.333 Thread 0x00000000154ad000 nmethod 43 0x0000000002e98950 code [0x0000000002e98aa0, 0x0000000002e98bb0]
Event: 2.334 Thread 0x00000000154ad000   44       1       java.net.URL::getProtocol (5 bytes)
Event: 2.334 Thread 0x00000000154ad000 nmethod 44 0x0000000002e98c10 code [0x0000000002e98d60, 0x0000000002e98e70]
Event: 2.336 Thread 0x00000000154ad000   46  s!   3       sun.misc.URLClassPath::getLoader (197 bytes)

GC Heap History (0 events):
No events

Deoptimization events (0 events):
No events

Internal exceptions (2 events):
Event: 0.936 Thread 0x0000000002c80800 Exception <a 'java/lang/NoSuchMethodError': Method sun.misc.Unsafe.defineClass(Ljava/lang/String;[BII)Ljava/lang/Class; name or signature does not match> (0x00000000eab07cc0) thrown at [D:\re\workspace\8-2-build-windows-amd64-cygwin\jdk8u92\6642\hotspot\sr!Εμͺχν?
Event: 0.936 Thread 0x0000000002c80800 Exception <a 'java/lang/NoSuchMethodError': Method sun.misc.Unsafe.prefetchRead(Ljava/lang/Object;J)V name or signature does not match> (0x00000000eab07fa8) thrown at [D:\re\workspace\8-2-build-windows-amd64-cygwin\jdk8u92\6642\hotspot\src\share\vm\prims\j

Events (10 events):
Event: 2.333 loading class com/android/dx/dex/cf/CfOptions
Event: 2.333 loading class com/android/dx/dex/cf/CfOptions done
Event: 2.333 loading class com/android/dx/command/DxConsole
Event: 2.333 loading class com/android/dx/command/DxConsole done
Event: 2.334 loading class com/android/dx/command/DxConsole$1
Event: 2.334 loading class com/android/dx/command/DxConsole$1 done
Event: 2.335 loading class com/android/dx/dex/DexOptions
Event: 2.335 loading class com/android/dx/dex/DexOptions done
Event: 2.335 loading class com/android/dx/dex/file/DexFile
Event: 2.335 loading class com/android/dx/dex/file/DexFile done


Dynamic libraries:
0x00007ff72e510000 - 0x00007ff72e547000 	C:\Program Files\Java\jdk1.8.0_92\bin\java.exe
0x00007ffa3dfe0000 - 0x00007ffa3e1a1000 	C:\WINDOWS\SYSTEM32\ntdll.dll
0x00007ffa3cd70000 - 0x00007ffa3ce1d000 	C:\WINDOWS\system32\KERNEL32.DLL
0x00007ffa3a750000 - 0x00007ffa3a938000 	C:\WINDOWS\system32\KERNELBASE.dll
0x00007ffa3cc40000 - 0x00007ffa3cce7000 	C:\WINDOWS\system32\ADVAPI32.dll
0x00007ffa3d2b0000 - 0x00007ffa3d34d000 	C:\WINDOWS\system32\msvcrt.dll
0x00007ffa3de30000 - 0x00007ffa3de8b000 	C:\WINDOWS\system32\sechost.dll
0x00007ffa3d0f0000 - 0x00007ffa3d20c000 	C:\WINDOWS\system32\RPCRT4.dll
0x00007ffa3d710000 - 0x00007ffa3d866000 	C:\WINDOWS\system32\USER32.dll
0x00007ffa3dca0000 - 0x00007ffa3de26000 	C:\WINDOWS\system32\GDI32.dll
0x00007ffa2baa0000 - 0x00007ffa2bd14000 	C:\WINDOWS\WinSxS\amd64_microsoft.windows.common-controls_6595b64144ccf1df_6.0.10586.589_none_a2ddb3caa539acce\COMCTL32.dll
0x00007ffa3d360000 - 0x00007ffa3d5dd000 	C:\WINDOWS\system32\combase.dll
0x00007ffa3a9f0000 - 0x00007ffa3aa5a000 	C:\WINDOWS\system32\bcryptPrimitives.dll
0x00007ffa3d210000 - 0x00007ffa3d24b000 	C:\WINDOWS\system32\IMM32.DLL
0x0000000051ee0000 - 0x0000000051fb2000 	C:\Program Files\Java\jdk1.8.0_92\jre\bin\msvcr100.dll
0x0000000051640000 - 0x0000000051ed6000 	C:\Program Files\Java\jdk1.8.0_92\jre\bin\server\jvm.dll
0x00007ffa3d350000 - 0x00007ffa3d358000 	C:\WINDOWS\system32\PSAPI.DLL
0x00007ffa1f900000 - 0x00007ffa1f909000 	C:\WINDOWS\SYSTEM32\WSOCK32.dll
0x00007ffa3cfd0000 - 0x00007ffa3d03b000 	C:\WINDOWS\system32\WS2_32.dll
0x00007ffa38540000 - 0x00007ffa38563000 	C:\WINDOWS\SYSTEM32\WINMM.dll
0x00007ffa30350000 - 0x00007ffa3035a000 	C:\WINDOWS\SYSTEM32\VERSION.dll
0x00007ffa38510000 - 0x00007ffa3853c000 	C:\WINDOWS\SYSTEM32\WINMMBASE.dll
0x00007ffa3acc0000 - 0x00007ffa3ad03000 	C:\WINDOWS\system32\cfgmgr32.dll
0x0000000051630000 - 0x000000005163f000 	C:\Program Files\Java\jdk1.8.0_92\jre\bin\verify.dll
0x0000000051600000 - 0x0000000051629000 	C:\Program Files\Java\jdk1.8.0_92\jre\bin\java.dll
0x00000000515e0000 - 0x00000000515f6000 	C:\Program Files\Java\jdk1.8.0_92\jre\bin\zip.dll
0x00007ffa3b4f0000 - 0x00007ffa3ca4c000 	C:\WINDOWS\system32\SHELL32.dll
0x00007ffa3ad10000 - 0x00007ffa3b355000 	C:\WINDOWS\system32\windows.storage.dll
0x00007ffa3d5e0000 - 0x00007ffa3d632000 	C:\WINDOWS\system32\shlwapi.dll
0x00007ffa3a620000 - 0x00007ffa3a62f000 	C:\WINDOWS\system32\kernel.appcore.dll
0x00007ffa3a690000 - 0x00007ffa3a745000 	C:\WINDOWS\system32\shcore.dll
0x00007ffa3a640000 - 0x00007ffa3a68b000 	C:\WINDOWS\system32\powrprof.dll
0x00007ffa3a600000 - 0x00007ffa3a614000 	C:\WINDOWS\system32\profapi.dll

VM Arguments:
jvm_args: -Djava.awt.headless=true -Xmx1024M -Dfile.encoding=windows-1252 -Duser.country=AU -Duser.language=en -Duser.variant 
java_command: com.android.dx.command.Main --dex --num-threads=4 --output C:\Users\kathy\Desktop\GoogleSheetsAPIv2\app\build\intermediates\pre-dexed\debug\gdata-finance-2.0_7d141496f27145eec31293d9c4f5119a10b3ec4b.jar C:\Users\kathy\Desktop\GoogleSheetsAPIv2\app\libs\gdata-finance-2.0.jar
java_class_path (initial): C:\Users\kathy\AppData\Local\Android\sdk\build-tools\24.0.2\lib\dx.jar
Launcher Type: SUN_STANDARD

Environment Variables:
JAVA_HOME=C:\Program Files\Java\jdk1.8.0_92
PATH=C:\ProgramData\Oracle\Java\javapath;C:\WINDOWS\system32;C:\WINDOWS;C:\WINDOWS\System32\Wbem;C:\WINDOWS\System32\WindowsPowerShell\v1.0\;C:\Program Files (x86)\Skype\Phone\;C:\Program Files\Git\cmd
USERNAME=kathy
OS=Windows_NT
PROCESSOR_IDENTIFIER=Intel64 Family 6 Model 69 Stepping 1, GenuineIntel



---------------  S Y S T E M  ---------------

OS: Windows 10.0 , 64 bit Build 10586 (10.0.10586.589)

CPU:total 4 (2 cores per cpu, 2 threads per core) family 6 model 69 stepping 1, cmov, cx8, fxsr, mmx, sse, sse2, sse3, ssse3, sse4.1, sse4.2, popcnt, avx, avx2, aes, clmul, erms, lzcnt, ht, tsc, tscinvbit, bmi1, bmi2

Memory: 4k page, physical 4097096k(144392k free), swap 8380424k(137480k free)

vm_info: Java HotSpot(TM) 64-Bit Server VM (25.92-b14) for windows-amd64 JRE (1.8.0_92-b14), built on Mar 31 2016 21:03:04 by "java_re" with MS VC++ 10.0 (VS2010)

time: Thu Oct 13 18:02:55 2016
elapsed time: 2 seconds (0d 0h 0m 2s)

