#
# There is insufficient memory for the Java Runtime Environment to continue.
# Native memory allocation (malloc) failed to allocate 975984 bytes for Chunk::new
# Possible reasons:
#   The system is out of physical RAM or swap space
#   In 32 bit mode, the process size limit was hit
# Possible solutions:
#   Reduce memory load on the system
#   Increase physical memory or swap space
#   Check if swap backing store is full
#   Use 64 bit Java on a 64 bit OS
#   Decrease Java heap size (-Xmx/-Xms)
#   Decrease number of Java threads
#   Decrease Java thread stack sizes (-Xss)
#   Set larger code cache with -XX:ReservedCodeCacheSize=
# This output file may be truncated or incomplete.
#
#  Out of Memory Error (allocation.cpp:390), pid=5536, tid=0x0000000000001470
#
# JRE version: Java(TM) SE Runtime Environment (8.0_92-b14) (build 1.8.0_92-b14)
# Java VM: Java HotSpot(TM) 64-Bit Server VM (25.92-b14 mixed mode windows-amd64 compressed oops)
# Failed to write core dump. Minidumps are not enabled by default on client versions of Windows
#

---------------  T H R E A D  ---------------

Current thread (0x00000000152ef000):  JavaThread "C2 CompilerThread1" daemon [_thread_in_native, id=5232, stack(0x0000000016a20000,0x0000000016b20000)]

Stack: [0x0000000016a20000,0x0000000016b20000]
[error occurred during error reporting (printing stack bounds), id 0xc0000005]

Native frames: (J=compiled Java code, j=interpreted, Vv=VM code, C=native code)


Current CompileTask:
C2:  12683 1745       4       com.android.dx.dex.code.RopToDop::dopFor (792 bytes)


---------------  P R O C E S S  ---------------

Java Threads: ( => current thread )
  0x00000000174bc800 JavaThread "pool-1-thread-4" [_thread_in_Java, id=3820, stack(0x0000000017e20000,0x0000000017f20000)]
  0x00000000174bc000 JavaThread "pool-1-thread-3" [_thread_in_Java, id=4972, stack(0x0000000017d20000,0x0000000017e20000)]
  0x00000000172cd000 JavaThread "pool-1-thread-2" [_thread_in_Java, id=3748, stack(0x0000000017c20000,0x0000000017d20000)]
  0x000000001701d800 JavaThread "pool-2-thread-1" [_thread_blocked, id=5108, stack(0x0000000017b20000,0x0000000017c20000)]
  0x00000000175ad000 JavaThread "pool-1-thread-1" [_thread_in_Java, id=8848, stack(0x0000000017a20000,0x0000000017b20000)]
  0x0000000016c24800 JavaThread "Service Thread" daemon [_thread_blocked, id=7788, stack(0x0000000017020000,0x0000000017120000)]
  0x000000001534a000 JavaThread "C1 CompilerThread2" daemon [_thread_blocked, id=6232, stack(0x0000000016b20000,0x0000000016c20000)]
=>0x00000000152ef000 JavaThread "C2 CompilerThread1" daemon [_thread_in_native, id=5232, stack(0x0000000016a20000,0x0000000016b20000)]
  0x00000000152ec000 JavaThread "C2 CompilerThread0" daemon [_thread_in_native, id=972, stack(0x0000000016920000,0x0000000016a20000)]
  0x00000000152ea000 JavaThread "Attach Listener" daemon [_thread_blocked, id=5216, stack(0x0000000016820000,0x0000000016920000)]
  0x00000000152e8800 JavaThread "Signal Dispatcher" daemon [_thread_blocked, id=4676, stack(0x0000000016720000,0x0000000016820000)]
  0x0000000002c1a000 JavaThread "Finalizer" daemon [_thread_blocked, id=8004, stack(0x0000000016540000,0x0000000016640000)]
  0x0000000002c0f000 JavaThread "Reference Handler" daemon [_thread_blocked, id=7244, stack(0x0000000016440000,0x0000000016540000)]
  0x0000000002b20800 JavaThread "main" [_thread_in_Java, id=980, stack(0x0000000002a20000,0x0000000002b20000)]

Other Threads:
  0x00000000152b8000 VMThread [stack: 0x0000000016340000,0x0000000016440000] [id=8556]
  0x0000000016c51000 WatcherThread [stack: 0x0000000017120000,0x0000000017220000] [id=8708]

VM state:not at safepoint (normal execution)

VM Mutex/Monitor currently owned by a thread: None

Heap:
 PSYoungGen      total 146432K, used 89719K [0x00000000eab00000, 0x00000000f4e00000, 0x0000000100000000)
  eden space 128512K, 61% used [0x00000000eab00000,0x00000000ef8a9110,0x00000000f2880000)
  from space 17920K, 56% used [0x00000000f2880000,0x00000000f3274c18,0x00000000f3a00000)
  to   space 15360K, 0% used [0x00000000f3a00000,0x00000000f3a00000,0x00000000f4900000)
 ParOldGen       total 86528K, used 43816K [0x00000000c0000000, 0x00000000c5480000, 0x00000000eab00000)
  object space 86528K, 50% used [0x00000000c0000000,0x00000000c2aca298,0x00000000c5480000)
 Metaspace       used 6543K, capacity 7256K, committed 7424K, reserved 1056768K
  class space    used 625K, capacity 656K, committed 768K, reserved 1048576K

Card table byte_map: [0x0000000011fe0000,0x00000000121f0000] byte_map_base: 0x00000000119e0000

Marking Bits: (ParMarkBitMap*) 0x0000000051e564f0
 Begin Bits: [0x0000000012750000, 0x0000000013750000)
 End Bits:   [0x0000000013750000, 0x0000000014750000)

Polling page: 0x0000000000e80000

CodeCache: size=245760Kb used=9158Kb max_used=9170Kb free=236601Kb
 bounds [0x0000000002c20000, 0x0000000003530000, 0x0000000011c20000]
 total_blobs=2312 nmethods=2042 adapters=182
 compilation: enabled

Compilation events (10 events):
Event: 12.175 Thread 0x000000001534a000 2088       2       com.android.dx.cf.direct.StdAttributeFactory::enclosingMethod (156 bytes)
Event: 12.180 Thread 0x000000001534a000 nmethod 2088 0x00000000034bd710 code [0x00000000034bdae0, 0x00000000034bf0e8]
Event: 12.202 Thread 0x00000000152ec000 nmethod 2081 0x000000000350ca10 code [0x000000000350cc00, 0x000000000350dad0]
Event: 12.202 Thread 0x00000000152ec000 2096       4       com.android.dx.rop.cst.Constant::compareTo (33 bytes)
Event: 12.205 Thread 0x00000000152ec000 nmethod 2096 0x00000000034ce110 code [0x00000000034ce260, 0x00000000034ce498]
Event: 12.205 Thread 0x00000000152ec000 2099       4       com.android.dx.ssa.back.IdenticalBlockCombiner::process (323 bytes)
Event: 12.464 Thread 0x000000001534a000 2108       2       com.android.dx.ssa.Dominators$DfsWalker::<init> (6 bytes)
Event: 12.464 Thread 0x000000001534a000 nmethod 2108 0x00000000034bd3d0 code [0x00000000034bd520, 0x00000000034bd690]
Event: 12.465 Thread 0x000000001534a000 2109       2       com.android.dx.ssa.Dominators$DfsWalker::<init> (15 bytes)
Event: 12.465 Thread 0x000000001534a000 nmethod 2109 0x00000000034bd090 code [0x00000000034bd1e0, 0x00000000034bd350]

GC Heap History (10 events):
Event: 5.916 GC heap before
{Heap before GC invocations=4 (full 0):
 PSYoungGen      total 35328K, used 35312K [0x00000000eab00000, 0x00000000ef000000, 0x0000000100000000)
  eden space 32768K, 100% used [0x00000000eab00000,0x00000000ecb00000,0x00000000ecb00000)
  from space 2560K, 99% used [0x00000000ecb00000,0x00000000ecd7c038,0x00000000ecd80000)
  to   space 2560K, 0% used [0x00000000eed80000,0x00000000eed80000,0x00000000ef000000)
 ParOldGen       total 44032K, used 6122K [0x00000000c0000000, 0x00000000c2b00000, 0x00000000eab00000)
  object space 44032K, 13% used [0x00000000c0000000,0x00000000c05fa8a8,0x00000000c2b00000)
 Metaspace       used 6298K, capacity 7090K, committed 7296K, reserved 1056768K
  class space    used 604K, capacity 618K, committed 640K, reserved 1048576K
Event: 5.951 GC heap after
Heap after GC invocations=4 (full 0):
 PSYoungGen      total 68096K, used 2530K [0x00000000eab00000, 0x00000000ef000000, 0x0000000100000000)
  eden space 65536K, 0% used [0x00000000eab00000,0x00000000eab00000,0x00000000eeb00000)
  from space 2560K, 98% used [0x00000000eed80000,0x00000000eeff8be0,0x00000000ef000000)
  to   space 2560K, 0% used [0x00000000eeb00000,0x00000000eeb00000,0x00000000eed80000)
 ParOldGen       total 44032K, used 11970K [0x00000000c0000000, 0x00000000c2b00000, 0x00000000eab00000)
  object space 44032K, 27% used [0x00000000c0000000,0x00000000c0bb09b0,0x00000000c2b00000)
 Metaspace       used 6298K, capacity 7090K, committed 7296K, reserved 1056768K
  class space    used 604K, capacity 618K, committed 640K, reserved 1048576K
}
Event: 7.118 GC heap before
{Heap before GC invocations=5 (full 0):
 PSYoungGen      total 68096K, used 68066K [0x00000000eab00000, 0x00000000ef000000, 0x0000000100000000)
  eden space 65536K, 100% used [0x00000000eab00000,0x00000000eeb00000,0x00000000eeb00000)
  from space 2560K, 98% used [0x00000000eed80000,0x00000000eeff8be0,0x00000000ef000000)
  to   space 2560K, 0% used [0x00000000eeb00000,0x00000000eeb00000,0x00000000eed80000)
 ParOldGen       total 44032K, used 11970K [0x00000000c0000000, 0x00000000c2b00000, 0x00000000eab00000)
  object space 44032K, 27% used [0x00000000c0000000,0x00000000c0bb09b0,0x00000000c2b00000)
 Metaspace       used 6483K, capacity 7192K, committed 7424K, reserved 1056768K
  class space    used 625K, capacity 656K, committed 768K, reserved 1048576K
Event: 7.156 GC heap after
Heap after GC invocations=5 (full 0):
 PSYoungGen      total 68096K, used 2544K [0x00000000eab00000, 0x00000000f4900000, 0x0000000100000000)
  eden space 65536K, 0% used [0x00000000eab00000,0x00000000eab00000,0x00000000eeb00000)
  from space 2560K, 99% used [0x00000000eeb00000,0x00000000eed7c028,0x00000000eed80000)
  to   space 15360K, 0% used [0x00000000f3a00000,0x00000000f3a00000,0x00000000f4900000)
 ParOldGen       total 44032K, used 22032K [0x00000000c0000000, 0x00000000c2b00000, 0x00000000eab00000)
  object space 44032K, 50% used [0x00000000c0000000,0x00000000c1584168,0x00000000c2b00000)
 Metaspace       used 6483K, capacity 7192K, committed 7424K, reserved 1056768K
  class space    used 625K, capacity 656K, committed 768K, reserved 1048576K
}
Event: 7.736 GC heap before
{Heap before GC invocations=6 (full 0):
 PSYoungGen      total 68096K, used 68080K [0x00000000eab00000, 0x00000000f4900000, 0x0000000100000000)
  eden space 65536K, 100% used [0x00000000eab00000,0x00000000eeb00000,0x00000000eeb00000)
  from space 2560K, 99% used [0x00000000eeb00000,0x00000000eed7c028,0x00000000eed80000)
  to   space 15360K, 0% used [0x00000000f3a00000,0x00000000f3a00000,0x00000000f4900000)
 ParOldGen       total 44032K, used 22032K [0x00000000c0000000, 0x00000000c2b00000, 0x00000000eab00000)
  object space 44032K, 50% used [0x00000000c0000000,0x00000000c1584168,0x00000000c2b00000)
 Metaspace       used 6525K, capacity 7256K, committed 7424K, reserved 1056768K
  class space    used 625K, capacity 656K, committed 768K, reserved 1048576K
Event: 7.787 GC heap after
Heap after GC invocations=6 (full 0):
 PSYoungGen      total 143872K, used 13312K [0x00000000eab00000, 0x00000000f4e00000, 0x0000000100000000)
  eden space 128512K, 0% used [0x00000000eab00000,0x00000000eab00000,0x00000000f2880000)
  from space 15360K, 86% used [0x00000000f3a00000,0x00000000f4700028,0x00000000f4900000)
  to   space 17920K, 0% used [0x00000000f2880000,0x00000000f2880000,0x00000000f3a00000)
 ParOldGen       total 44032K, used 22032K [0x00000000c0000000, 0x00000000c2b00000, 0x00000000eab00000)
  object space 44032K, 50% used [0x00000000c0000000,0x00000000c1584168,0x00000000c2b00000)
 Metaspace       used 6525K, capacity 7256K, committed 7424K, reserved 1056768K
  class space    used 625K, capacity 656K, committed 768K, reserved 1048576K
}
Event: 9.046 GC heap before
{Heap before GC invocations=7 (full 0):
 PSYoungGen      total 143872K, used 141824K [0x00000000eab00000, 0x00000000f4e00000, 0x0000000100000000)
  eden space 128512K, 100% used [0x00000000eab00000,0x00000000f2880000,0x00000000f2880000)
  from space 15360K, 86% used [0x00000000f3a00000,0x00000000f4700028,0x00000000f4900000)
  to   space 17920K, 0% used [0x00000000f2880000,0x00000000f2880000,0x00000000f3a00000)
 ParOldGen       total 44032K, used 22032K [0x00000000c0000000, 0x00000000c2b00000, 0x00000000eab00000)
  object space 44032K, 50% used [0x00000000c0000000,0x00000000c1584168,0x00000000c2b00000)
 Metaspace       used 6541K, capacity 7256K, committed 7424K, reserved 1056768K
  class space    used 625K, capacity 656K, committed 768K, reserved 1048576K
Event: 9.479 GC heap after
Heap after GC invocations=7 (full 0):
 PSYoungGen      total 146432K, used 17906K [0x00000000eab00000, 0x00000000f4e00000, 0x0000000100000000)
  eden space 128512K, 0% used [0x00000000eab00000,0x00000000eab00000,0x00000000f2880000)
  from space 17920K, 99% used [0x00000000f2880000,0x00000000f39fc948,0x00000000f3a00000)
  to   space 15360K, 0% used [0x00000000f3a00000,0x00000000f3a00000,0x00000000f4900000)
 ParOldGen       total 44032K, used 38933K [0x00000000c0000000, 0x00000000c2b00000, 0x00000000eab00000)
  object space 44032K, 88% used [0x00000000c0000000,0x00000000c26056f0,0x00000000c2b00000)
 Metaspace       used 6541K, capacity 7256K, committed 7424K, reserved 1056768K
  class space    used 625K, capacity 656K, committed 768K, reserved 1048576K
}
Event: 9.479 GC heap before
{Heap before GC invocations=8 (full 1):
 PSYoungGen      total 146432K, used 17906K [0x00000000eab00000, 0x00000000f4e00000, 0x0000000100000000)
  eden space 128512K, 0% used [0x00000000eab00000,0x00000000eab00000,0x00000000f2880000)
  from space 17920K, 99% used [0x00000000f2880000,0x00000000f39fc948,0x00000000f3a00000)
  to   space 15360K, 0% used [0x00000000f3a00000,0x00000000f3a00000,0x00000000f4900000)
 ParOldGen       total 44032K, used 38933K [0x00000000c0000000, 0x00000000c2b00000, 0x00000000eab00000)
  object space 44032K, 88% used [0x00000000c0000000,0x00000000c26056f0,0x00000000c2b00000)
 Metaspace       used 6541K, capacity 7256K, committed 7424K, reserved 1056768K
  class space    used 625K, capacity 656K, committed 768K, reserved 1048576K
Event: 11.172 GC heap after
Heap after GC invocations=8 (full 1):
 PSYoungGen      total 146432K, used 10195K [0x00000000eab00000, 0x00000000f4e00000, 0x0000000100000000)
  eden space 128512K, 0% used [0x00000000eab00000,0x00000000eab00000,0x00000000f2880000)
  from space 17920K, 56% used [0x00000000f2880000,0x00000000f3274c18,0x00000000f3a00000)
  to   space 15360K, 0% used [0x00000000f3a00000,0x00000000f3a00000,0x00000000f4900000)
 ParOldGen       total 86528K, used 43816K [0x00000000c0000000, 0x00000000c5480000, 0x00000000eab00000)
  object space 86528K, 50% used [0x00000000c0000000,0x00000000c2aca298,0x00000000c5480000)
 Metaspace       used 6541K, capacity 7256K, committed 7424K, reserved 1056768K
  class space    used 625K, capacity 656K, committed 768K, reserved 1048576K
}

Deoptimization events (10 events):
Event: 7.201 Thread 0x00000000172cd000 Uncommon trap: reason=unstable_if action=reinterpret pc=0x00000000033ca584 method=com.android.dx.ssa.LocalVariableExtractor.processBlock(I)V @ 251
Event: 7.295 Thread 0x00000000174bc800 Uncommon trap: reason=unstable_if action=reinterpret pc=0x00000000031c9d20 method=com.android.dx.rop.code.LocalItem.compareHandlesNulls(Lcom/android/dx/rop/cst/CstString;Lcom/android/dx/rop/cst/CstString;)I @ 8
Event: 7.296 Thread 0x00000000174bc800 Uncommon trap: reason=unstable_if action=reinterpret pc=0x00000000033f2e54 method=com.android.dx.rop.code.LocalItem.compareHandlesNulls(Lcom/android/dx/rop/cst/CstString;Lcom/android/dx/rop/cst/CstString;)I @ 8
Event: 7.296 Thread 0x00000000174bc800 Uncommon trap: reason=unstable_if action=reinterpret pc=0x0000000003412c9c method=com.android.dx.rop.code.LocalItem.compareHandlesNulls(Lcom/android/dx/rop/cst/CstString;Lcom/android/dx/rop/cst/CstString;)I @ 8
Event: 7.298 Thread 0x00000000174bc800 Uncommon trap: reason=unstable_if action=reinterpret pc=0x00000000032f430c method=com.android.dx.rop.code.LocalItem.compareHandlesNulls(Lcom/android/dx/rop/cst/CstString;Lcom/android/dx/rop/cst/CstString;)I @ 8
Event: 8.533 Thread 0x00000000174bc800 Uncommon trap: reason=class_check action=maybe_recompile pc=0x00000000034a1738 method=com.android.dx.cf.code.BaseMachine.addResult(Lcom/android/dx/rop/type/TypeBearer;)V @ 23
Event: 8.534 Thread 0x00000000174bc800 Uncommon trap: reason=class_check action=maybe_recompile pc=0x00000000034a1738 method=com.android.dx.cf.code.BaseMachine.addResult(Lcom/android/dx/rop/type/TypeBearer;)V @ 23
Event: 8.536 Thread 0x00000000174bc800 Uncommon trap: reason=class_check action=maybe_recompile pc=0x00000000034a1738 method=com.android.dx.cf.code.BaseMachine.addResult(Lcom/android/dx/rop/type/TypeBearer;)V @ 23
Event: 8.537 Thread 0x00000000174bc800 Uncommon trap: reason=class_check action=maybe_recompile pc=0x00000000034a1738 method=com.android.dx.cf.code.BaseMachine.addResult(Lcom/android/dx/rop/type/TypeBearer;)V @ 23
Event: 8.655 Thread 0x00000000174bc800 Uncommon trap: reason=unstable_if action=reinterpret pc=0x000000000332cd8c method=com.android.dx.ssa.SCCP.simulateBranch(Lcom/android/dx/ssa/SsaInsn;)V @ 64

Internal exceptions (10 events):
Event: 0.172 Thread 0x0000000002b20800 Exception <a 'java/lang/NoSuchMethodError': Method sun.misc.Unsafe.prefetchRead(Ljava/lang/Object;J)V name or signature does not match> (0x00000000eab07fa8) thrown at [D:\re\workspace\8-2-build-windows-amd64-cygwin\jdk8u92\6642\hotspot\src\share\vm\prims\jê¡xôP@
Event: 3.914 Thread 0x00000000174bc000 Implicit null exception at 0x00000000030506e6 to 0x00000000030511c5
Event: 5.458 Thread 0x00000000175ad000 Implicit null exception at 0x0000000002fe5562 to 0x0000000002fe565a
Event: 6.673 Thread 0x00000000175ad000 Exception <a 'java/lang/ArrayIndexOutOfBoundsException': 18> (0x00000000ec5285e0) thrown at [D:\re\workspace\8-2-build-windows-amd64-cygwin\jdk8u92\6642\hotspot\src\share\vm\interpreter\interpreterRuntime.cpp, line 366]
Event: 6.674 Thread 0x00000000175ad000 Exception <a 'java/lang/ArrayIndexOutOfBoundsException': 145> (0x00000000ec52a160) thrown at [D:\re\workspace\8-2-build-windows-amd64-cygwin\jdk8u92\6642\hotspot\src\share\vm\interpreter\interpreterRuntime.cpp, line 366]
Event: 6.676 Thread 0x00000000175ad000 Exception <a 'java/lang/ArrayIndexOutOfBoundsException'> (0x00000000ec52b448) thrown at [D:\re\workspace\8-2-build-windows-amd64-cygwin\jdk8u92\6642\hotspot\src\share\vm\runtime\sharedRuntime.cpp, line 605]
Event: 7.295 Thread 0x00000000174bc800 Implicit null exception at 0x00000000031c9b61 to 0x00000000031c9d0d
Event: 7.296 Thread 0x00000000174bc800 Implicit null exception at 0x00000000033f1642 to 0x00000000033f2e1d
Event: 7.296 Thread 0x00000000174bc800 Implicit null exception at 0x000000000341116b to 0x0000000003412c6d
Event: 7.298 Thread 0x00000000174bc800 Implicit null exception at 0x00000000032f1843 to 0x00000000032f4299

Events (10 events):
Event: 8.537 Thread 0x00000000174bc800 Uncommon trap: trap_request=0xffffffde fr.pc=0x00000000034a1738
Event: 8.537 Thread 0x00000000174bc800 DEOPT PACKING pc=0x00000000034a1738 sp=0x0000000017f1e2a0
Event: 8.537 Thread 0x00000000174bc800 DEOPT UNPACKING pc=0x0000000002c6582a sp=0x0000000017f1e228 mode 2
Event: 8.655 Thread 0x00000000174bc800 Uncommon trap: trap_request=0xffffff65 fr.pc=0x000000000332cd8c
Event: 8.655 Thread 0x00000000174bc800 DEOPT PACKING pc=0x000000000332cd8c sp=0x0000000017f1ea90
Event: 8.655 Thread 0x00000000174bc800 DEOPT UNPACKING pc=0x0000000002c6582a sp=0x0000000017f1ea60 mode 2
Event: 8.989 Thread 0x00000000172cd000 DEOPT PACKING pc=0x00000000034aa7b2 sp=0x0000000017d1eb40
Event: 8.989 Thread 0x00000000172cd000 DEOPT UNPACKING pc=0x0000000002c6787f sp=0x0000000017d1e900 mode 0
Event: 9.045 Executing VM operation: ParallelGCFailedAllocation
Event: 11.172 Executing VM operation: ParallelGCFailedAllocation done


Dynamic libraries:
0x00007ff72e510000 - 0x00007ff72e547000 	C:\Program Files\Java\jdk1.8.0_92\bin\java.exe
0x00007ffa3dfe0000 - 0x00007ffa3e1a1000 	C:\WINDOWS\SYSTEM32\ntdll.dll
0x00007ffa3cd70000 - 0x00007ffa3ce1d000 	C:\WINDOWS\system32\KERNEL32.DLL
0x00007ffa3a750000 - 0x00007ffa3a938000 	C:\WINDOWS\system32\KERNELBASE.dll
0x00007ffa3cc40000 - 0x00007ffa3cce7000 	C:\WINDOWS\system32\ADVAPI32.dll
0x00007ffa3d2b0000 - 0x00007ffa3d34d000 	C:\WINDOWS\system32\msvcrt.dll
0x00007ffa3de30000 - 0x00007ffa3de8b000 	C:\WINDOWS\system32\sechost.dll
0x00007ffa3d0f0000 - 0x00007ffa3d20c000 	C:\WINDOWS\system32\RPCRT4.dll
0x00007ffa3d710000 - 0x00007ffa3d866000 	C:\WINDOWS\system32\USER32.dll
0x00007ffa3dca0000 - 0x00007ffa3de26000 	C:\WINDOWS\system32\GDI32.dll
0x00007ffa2baa0000 - 0x00007ffa2bd14000 	C:\WINDOWS\WinSxS\amd64_microsoft.windows.common-controls_6595b64144ccf1df_6.0.10586.589_none_a2ddb3caa539acce\COMCTL32.dll
0x00007ffa3d360000 - 0x00007ffa3d5dd000 	C:\WINDOWS\system32\combase.dll
0x00007ffa3a9f0000 - 0x00007ffa3aa5a000 	C:\WINDOWS\system32\bcryptPrimitives.dll
0x00007ffa3d210000 - 0x00007ffa3d24b000 	C:\WINDOWS\system32\IMM32.DLL
0x0000000051ee0000 - 0x0000000051fb2000 	C:\Program Files\Java\jdk1.8.0_92\jre\bin\msvcr100.dll
0x0000000051640000 - 0x0000000051ed6000 	C:\Program Files\Java\jdk1.8.0_92\jre\bin\server\jvm.dll
0x00007ffa3d350000 - 0x00007ffa3d358000 	C:\WINDOWS\system32\PSAPI.DLL
0x00007ffa1f900000 - 0x00007ffa1f909000 	C:\WINDOWS\SYSTEM32\WSOCK32.dll
0x00007ffa3cfd0000 - 0x00007ffa3d03b000 	C:\WINDOWS\system32\WS2_32.dll
0x00007ffa38540000 - 0x00007ffa38563000 	C:\WINDOWS\SYSTEM32\WINMM.dll
0x00007ffa30350000 - 0x00007ffa3035a000 	C:\WINDOWS\SYSTEM32\VERSION.dll
0x00007ffa38510000 - 0x00007ffa3853c000 	C:\WINDOWS\SYSTEM32\WINMMBASE.dll
0x00007ffa3acc0000 - 0x00007ffa3ad03000 	C:\WINDOWS\system32\cfgmgr32.dll
0x0000000051630000 - 0x000000005163f000 	C:\Program Files\Java\jdk1.8.0_92\jre\bin\verify.dll
0x0000000051600000 - 0x0000000051629000 	C:\Program Files\Java\jdk1.8.0_92\jre\bin\java.dll
0x00000000515e0000 - 0x00000000515f6000 	C:\Program Files\Java\jdk1.8.0_92\jre\bin\zip.dll
0x00007ffa3b4f0000 - 0x00007ffa3ca4c000 	C:\WINDOWS\system32\SHELL32.dll
0x00007ffa3ad10000 - 0x00007ffa3b355000 	C:\WINDOWS\system32\windows.storage.dll
0x00007ffa3d5e0000 - 0x00007ffa3d632000 	C:\WINDOWS\system32\shlwapi.dll
0x00007ffa3a620000 - 0x00007ffa3a62f000 	C:\WINDOWS\system32\kernel.appcore.dll
0x00007ffa3a690000 - 0x00007ffa3a745000 	C:\WINDOWS\system32\shcore.dll
0x00007ffa3a640000 - 0x00007ffa3a68b000 	C:\WINDOWS\system32\powrprof.dll
0x00007ffa3a600000 - 0x00007ffa3a614000 	C:\WINDOWS\system32\profapi.dll

VM Arguments:
jvm_args: -Djava.awt.headless=true -Xmx1024M -Dfile.encoding=windows-1252 -Duser.country=AU -Duser.language=en -Duser.variant 
java_command: com.android.dx.command.Main --dex --num-threads=4 --output C:\Users\kathy\Desktop\GoogleSheetsAPIv2\app\build\intermediates\pre-dexed\debug\guava-11.0.2_82619fe1953e29ed5cf84424d808fed56551a023.jar C:\Users\kathy\Desktop\GoogleSheetsAPIv2\app\libs\guava-11.0.2.jar
java_class_path (initial): C:\Users\kathy\AppData\Local\Android\sdk\build-tools\24.0.2\lib\dx.jar
Launcher Type: SUN_STANDARD

Environment Variables:
JAVA_HOME=C:\Program Files\Java\jdk1.8.0_92
PATH=C:\ProgramData\Oracle\Java\javapath;C:\WINDOWS\system32;C:\WINDOWS;C:\WINDOWS\System32\Wbem;C:\WINDOWS\System32\WindowsPowerShell\v1.0\;C:\Program Files (x86)\Skype\Phone\;C:\Program Files\Git\cmd
USERNAME=kathy
OS=Windows_NT
PROCESSOR_IDENTIFIER=Intel64 Family 6 Model 69 Stepping 1, GenuineIntel



---------------  S Y S T E M  ---------------

OS: Windows 10.0 , 64 bit Build 10586 (10.0.10586.589)

CPU:total 4 (2 cores per cpu, 2 threads per core) family 6 model 69 stepping 1, cmov, cx8, fxsr, mmx, sse, sse2, sse3, ssse3, sse4.1, sse4.2, popcnt, avx, avx2, aes, clmul, erms, lzcnt, ht, tsc, tscinvbit, bmi1, bmi2

Memory: 4k page, physical 4097096k(180916k free), swap 8380424k(6016k free)

vm_info: Java HotSpot(TM) 64-Bit Server VM (25.92-b14) for windows-amd64 JRE (1.8.0_92-b14), built on Mar 31 2016 21:03:04 by "java_re" with MS VC++ 10.0 (VS2010)

time: Thu Oct 13 18:02:29 2016
elapsed time: 12 seconds (0d 0h 0m 12s)

